p/136_7859_1723606773.7449956.png 1 0 0 180 120
p/135_7766_1723606773.440854.png 1 0 0 180 120
p/134_7839_1723606773.0992215.png 1 0 0 180 120
p/133_7709_1723606772.7694218.png 1 0 0 180 120
p/132_7554_1723606772.4325097.png 1 0 0 180 120
p/131_7258_1723606772.0972798.png 1 0 0 180 120
p/130_3963_1723606771.7443633.png 1 0 0 180 120
p/129_4228_1723606771.4347274.png 1 0 0 180 120
p/128_5919_1723606771.1000125.png 1 0 0 180 120
p/127_6465_1723606770.760401.png 1 0 0 180 120
p/126_6297_1723606770.421575.png 1 0 0 180 120
p/125_5966_1723606770.083466.png 1 0 0 180 120
p/124_5834_1723606769.7494986.png 1 0 0 180 120
p/123_4695_1723606769.4355774.png 1 0 0 180 120
p/122_5506_1723606769.097123.png 1 0 0 180 120
p/121_4876_1723606768.767409.png 1 0 0 180 120
p/120_3455_1723606768.4161227.png 1 0 0 180 120
p/119_1916_1723606768.0953214.png 1 0 0 180 120
p/118_665_1723606767.750725.png 1 0 0 180 120
p/117_928_1723606767.4321997.png 1 0 0 180 120
p/116_1724_1723606767.0963776.png 1 0 0 180 120
p/115_2335_1723606766.4318564.png 1 0 0 180 120
p/114_2312_1723606766.0959744.png 1 0 0 180 120
p/113_2289_1723606765.7479029.png 1 0 0 180 120
p/112_1995_1723606765.4356222.png 1 0 0 180 120
p/111_1474_1723606765.1058786.png 1 0 0 180 120
p/110_1848_1723606764.754338.png 1 0 0 180 120
p/109_2785_1723606764.4210703.png 1 0 0 180 120
p/108_2904_1723606764.0903127.png 1 0 0 180 120
p/107_2985_1723606763.7548618.png 1 0 0 180 120
p/106_2986_1723606763.433423.png 1 0 0 180 120
p/105_2986_1723606763.1015005.png 1 0 0 180 120
p/104_2888_1723606762.7516773.png 1 0 0 180 120
p/103_2432_1723606762.4249105.png 1 0 0 180 120
p/102_1733_1723606762.0858564.png 1 0 0 180 120
p/101_1576_1723606761.7510784.png 1 0 0 180 120
p/100_1131_1723606761.4333193.png 1 0 0 180 120
p/99_1067_1723606761.1021738.png 1 0 0 180 120
p/98_812_1723606760.7640903.png 1 0 0 180 120
p/97_1240_1723606760.4187217.png 1 0 0 180 120
p/96_969_1723606760.0929468.png 1 0 0 180 120
p/95_1749_1723606759.7598815.png 1 0 0 180 120
p/94_3812_1723606759.4666898.png 1 0 0 180 120
p/93_5309_1723606759.0933878.png 1 0 0 180 120
p/92_5800_1723606758.7521815.png 1 0 0 180 120
p/91_5884_1723606758.4227846.png 1 0 0 180 120
p/90_5443_1723606758.0852852.png 1 0 0 180 120
p/89_8582_1723606757.7493165.png 1 0 0 180 120
p/88_8652_1723606757.4314158.png 1 0 0 180 120
p/87_8546_1723606757.1010187.png 1 0 0 180 120
p/86_4955_1723606756.7674205.png 1 0 0 180 120
p/85_3551_1723606756.4217079.png 1 0 0 180 120
p/84_3924_1723606756.1355286.png 1 0 0 180 120
p/83_3895_1723606755.7527606.png 1 0 0 180 120
p/82_3974_1723606755.4290287.png 1 0 0 180 120
p/81_3837_1723606755.092041.png 1 0 0 180 120
p/80_2684_1723606754.7590048.png 1 0 0 180 120
p/79_3357_1723606754.418557.png 1 0 0 180 120
p/78_3414_1723606754.0823903.png 1 0 0 180 120
p/77_4497_1723606753.7517183.png 1 0 0 180 120
p/76_6399_1723606753.433564.png 1 0 0 180 120
p/75_6291_1723606753.0926664.png 1 0 0 180 120
p/74_5329_1723606752.7591412.png 1 0 0 180 120
p/73_6680_1723606752.4237876.png 1 0 0 180 120
p/72_6985_1723606752.091285.png 1 0 0 180 120
p/71_3998_1723606751.7598262.png 1 0 0 180 120
p/70_1359_1723606751.4318774.png 1 0 0 180 120
p/69_2635_1723606751.099435.png 1 0 0 180 120
p/68_2713_1723606750.765852.png 1 0 0 180 120
p/67_2781_1723606750.4320166.png 1 0 0 180 120
p/66_2799_1723606750.0886583.png 1 0 0 180 120
p/65_2424_1723606749.758185.png 1 0 0 180 120
p/64_3067_1723606749.4324045.png 1 0 0 180 120
p/63_4314_1723606749.0965645.png 1 0 0 180 120
p/62_4303_1723606748.7612255.png 1 0 0 180 120
p/61_1318_1723606748.4326022.png 1 0 0 180 120
p/60_2769_1723606748.0872822.png 1 0 0 180 120
p/59_1141_1723606747.7532456.png 1 0 0 180 120
p/58_677_1723606747.4280207.png 1 0 0 180 120
p/57_2172_1723606747.0984137.png 1 0 0 180 120
p/56_2052_1723606746.7664988.png 1 0 0 180 120
p/55_4146_1723606746.4314857.png 1 0 0 180 120
p/54_4076_1723606746.098434.png 1 0 0 180 120
p/53_3561_1723606745.7628255.png 1 0 0 180 120
p/52_3308_1723606745.43441.png 1 0 0 180 120
p/51_2037_1723606745.094794.png 1 0 0 180 120
p/50_5478_1723606744.7560084.png 1 0 0 180 120
p/49_5455_1723606744.4327164.png 1 0 0 180 120
p/48_5693_1723606744.0826612.png 1 0 0 180 120
p/47_5468_1723606743.7654626.png 1 0 0 180 120
p/46_5516_1723606743.4290316.png 1 0 0 180 120
p/45_5530_1723606743.092459.png 1 0 0 180 120
p/44_5679_1723606742.7617774.png 1 0 0 180 120
p/43_4931_1723606742.436853.png 1 0 0 180 120
p/42_2652_1723606742.094208.png 1 0 0 180 120
p/41_3470_1723606741.7487419.png 1 0 0 180 120
p/40_3696_1723606741.4354844.png 1 0 0 180 120
p/39_1308_1723606741.1020644.png 1 0 0 180 120
p/38_3442_1723606740.7535148.png 1 0 0 180 120
p/37_3438_1723606740.4192708.png 1 0 0 180 120
p/36_5092_1723606740.0852394.png 1 0 0 180 120
p/35_3056_1723606739.751732.png 1 0 0 180 120
p/34_2774_1723606739.43665.png 1 0 0 180 120
p/33_1863_1723606739.0886836.png 1 0 0 180 120
p/32_653_1723606738.7562125.png 1 0 0 180 120
p/31_723_1723606738.09024.png 1 0 0 180 120
p/30_1116_1723606737.4370708.png 1 0 0 180 120
p/29_599_1723606737.1026428.png 1 0 0 180 120
p/28_1380_1723606736.4164798.png 1 0 0 180 120
p/27_1323_1723606736.0818768.png 1 0 0 180 120
p/26_1263_1723606735.7448266.png 1 0 0 180 120
p/25_1102_1723606735.42857.png 1 0 0 180 120
p/24_734_1723606735.0908055.png 1 0 0 180 120
p/23_1321_1723606734.7539787.png 1 0 0 180 120
p/22_1661_1723606734.4185443.png 1 0 0 180 120
p/21_1767_1723606734.0817096.png 1 0 0 180 120
p/20_1601_1723606733.7458923.png 1 0 0 180 120
p/19_1493_1723606733.4268181.png 1 0 0 180 120
p/18_1523_1723606733.0894198.png 1 0 0 180 120
p/17_1418_1723606732.754805.png 1 0 0 180 120
p/16_1253_1723606732.420136.png 1 0 0 180 120
p/15_894_1723606732.0826511.png 1 0 0 180 120
p/14_2399_1723606731.744542.png 1 0 0 180 120
p/13_1903_1723606731.424821.png 1 0 0 180 120
p/12_2063_1723606731.08961.png 1 0 0 180 120
p/11_1998_1723606730.4177725.png 1 0 0 180 120
p/10_3258_1723606730.0827594.png 1 0 0 180 120
p/9_2941_1723606729.7465985.png 1 0 0 180 120
p/8_3605_1723606729.4248095.png 1 0 0 180 120
p/7_2859_1723606729.088592.png 1 0 0 180 120
p/6_2288_1723606728.754683.png 1 0 0 180 120
p/5_2168_1723606728.417514.png 1 0 0 180 120
p/4_1346_1723606728.0807762.png 1 0 0 180 120
p/3_872_1723606727.7446313.png 1 0 0 180 120
p/2_652_1723606727.4268754.png 1 0 0 180 120
p/1_1089_1723606727.0920448.png 1 0 0 180 120
p/0_1693_1723606726.7781355.png 1 0 0 180 120